<?xml version="1.0" encoding="UTF-8"?>
<Site BuildName="Linux-aarch64-linux-gnu-g++"
	BuildStamp="20240128-1948-Experimental"
	Name="raspberrypi"
	Generator="ctest-3.25.1"
	CompilerName="/usr/bin/aarch64-linux-gnu-g++"
	CompilerVersion="12.2.0"
	OSName="Linux"
	Hostname="raspberrypi"
	OSRelease="6.1.0-rpi7-rpi-v8"
	OSVersion="#1 SMP PREEMPT Debian 1:6.1.63-1+rpt1 (2023-11-24)"
	OSPlatform="aarch64"
	Is64Bits="1"
	VendorString=""
	VendorID="Unknown Manufacturer"
	FamilyID="8"
	ModelID="0"
	ProcessorCacheSize="0"
	NumberOfLogicalCPU="4"
	NumberOfPhysicalCPU="1"
	TotalVirtualMemory="99"
	TotalPhysicalMemory="3793"
	LogicalProcessorsPerPhysical="4"
	ProcessorClockFrequency="0"
	>
	<Testing>
		<StartDateTime>Jan 28 14:48 EST</StartDateTime>
		<StartTestTime>1706471330</StartTestTime>
		<TestList/>
		<EndDateTime>Jan 28 14:48 EST</EndDateTime>
		<EndTestTime>1706471330</EndTestTime>
		<ElapsedMinutes>0</ElapsedMinutes>
	</Testing>
</Site>
